  Camera.cpp
C:\Users\sam\source\repos\Abertay-University-SDI\cmp203-coursework-goopey7\GraphicsProgramming\Camera.cpp(71,34): warning C4244: 'argument': conversion from 'double' to 'float', possible loss of data
C:\Users\sam\source\repos\Abertay-University-SDI\cmp203-coursework-goopey7\GraphicsProgramming\Camera.cpp(72,32): warning C4244: 'argument': conversion from 'double' to 'float', possible loss of data
C:\Users\sam\source\repos\Abertay-University-SDI\cmp203-coursework-goopey7\GraphicsProgramming\Camera.cpp(73,33): warning C4244: 'argument': conversion from 'double' to 'float', possible loss of data
C:\Users\sam\source\repos\Abertay-University-SDI\cmp203-coursework-goopey7\GraphicsProgramming\Camera.cpp(74,34): warning C4244: 'argument': conversion from 'double' to 'float', possible loss of data
C:\Users\sam\source\repos\Abertay-University-SDI\cmp203-coursework-goopey7\GraphicsProgramming\Camera.cpp(75,32): warning C4244: 'argument': conversion from 'double' to 'float', possible loss of data
C:\Users\sam\source\repos\Abertay-University-SDI\cmp203-coursework-goopey7\GraphicsProgramming\Camera.cpp(76,33): warning C4244: 'argument': conversion from 'double' to 'float', possible loss of data
  GeoWithReflection.cpp
  Input.cpp
  Main.cpp
  Model.cpp
C:\Users\sam\source\repos\Abertay-University-SDI\cmp203-coursework-goopey7\GraphicsProgramming\Model.cpp(127,19): warning C4018: '<': signed/unsigned mismatch
  PointLight.cpp
  PointLightGeo.cpp
  Scene.cpp
C:\Users\sam\source\repos\Abertay-University-SDI\cmp203-coursework-goopey7\GraphicsProgramming\Scene.cpp(638,30): warning C4244: 'argument': conversion from 'float' to 'GLint', possible loss of data
C:\Users\sam\source\repos\Abertay-University-SDI\cmp203-coursework-goopey7\GraphicsProgramming\Scene.cpp(638,24): warning C4244: 'argument': conversion from 'float' to 'GLint', possible loss of data
  Skybox.cpp
  SkySphere.cpp
C:\Users\sam\source\repos\Abertay-University-SDI\cmp203-coursework-goopey7\GraphicsProgramming\SkySphere.cpp(12,21): warning C4244: 'argument': conversion from 'float' to 'unsigned long', possible loss of data
C:\Users\sam\source\repos\Abertay-University-SDI\cmp203-coursework-goopey7\GraphicsProgramming\SkySphere.cpp(12,15): warning C4244: 'argument': conversion from 'float' to 'unsigned long', possible loss of data
  Sphere.cpp
C:\Users\sam\source\repos\Abertay-University-SDI\cmp203-coursework-goopey7\GraphicsProgramming\Sphere.cpp(62,14): warning C4244: 'initializing': conversion from 'double' to 'float', possible loss of data
C:\Users\sam\source\repos\Abertay-University-SDI\cmp203-coursework-goopey7\GraphicsProgramming\Sphere.cpp(63,14): warning C4244: 'initializing': conversion from 'double' to 'float', possible loss of data
C:\Users\sam\source\repos\Abertay-University-SDI\cmp203-coursework-goopey7\GraphicsProgramming\Sphere.cpp(64,25): warning C4018: '<': signed/unsigned mismatch
C:\Users\sam\source\repos\Abertay-University-SDI\cmp203-coursework-goopey7\GraphicsProgramming\Sphere.cpp(66,28): warning C4018: '<': signed/unsigned mismatch
  Tardis.cpp
C:\Users\sam\source\repos\Abertay-University-SDI\cmp203-coursework-goopey7\GraphicsProgramming\Tardis.cpp(12,29): warning C4244: 'argument': conversion from 'float' to 'unsigned long', possible loss of data
C:\Users\sam\source\repos\Abertay-University-SDI\cmp203-coursework-goopey7\GraphicsProgramming\Tardis.cpp(12,24): warning C4244: 'argument': conversion from 'float' to 'unsigned long', possible loss of data
  Vector3.cpp
SOIL.lib(SOIL.obj) : warning LNK4075: ignoring '/EDITANDCONTINUE' due to '/OPT:ICF' specification
LINK : warning LNK4098: defaultlib 'MSVCRTD' conflicts with use of other libs; use /NODEFAULTLIB:library
  Generating code
  Previous IPDB not found, fall back to full compilation.
  All 398 functions were compiled because no usable IPDB/IOBJ from previous compilation was found.
  Finished generating code
SOIL.lib(image_DXT.obj) : warning LNK4099: PDB '' was not found with 'SOIL.lib(image_DXT.obj)' or at ''; linking object as if no debug info
SOIL.lib(image_helper.obj) : warning LNK4099: PDB '' was not found with 'SOIL.lib(image_helper.obj)' or at ''; linking object as if no debug info
SOIL.lib(SOIL.obj) : warning LNK4099: PDB '' was not found with 'SOIL.lib(SOIL.obj)' or at ''; linking object as if no debug info
SOIL.lib(stb_image_aug.obj) : warning LNK4099: PDB '' was not found with 'SOIL.lib(stb_image_aug.obj)' or at ''; linking object as if no debug info
  GraphicsProgramming.vcxproj -> C:\Users\sam\source\repos\Abertay-University-SDI\cmp203-coursework-goopey7\Release\GraphicsProgramming.exe
